<?xml version="1.0" encoding="UTF-8"?>
<!-- Generated by org.testng.reporters.JUnitXMLReporter -->
<testsuite ignored="0" hostname="INTALP-105-AbhisekDasgupta" failures="0" tests="2" name="Default test" time="23.039" errors="0" timestamp="2022-09-28T18:25:37 IST">
  <testcase classname="testcase.ErrorValidationsTest" name="LoginErrorValidation" time="0.305"/>
  <testcase classname="testcase.ErrorValidationsTest" name="ProductCatalogueErrorValidationTest" time="19.183"/>
</testsuite> <!-- Default test -->
