<?xml version="1.0" encoding="UTF-8"?>
<!-- Generated by org.testng.reporters.JUnitXMLReporter -->
<testsuite ignored="0" hostname="INTALP-105-AbhisekDasgupta" failures="0" tests="2" name="Default test" time="27.519" errors="0" timestamp="2022-09-28T14:08:32 IST">
  <testcase classname="testcase.ErrorValidationsTest" name="LoginErrorValidation" time="0.311"/>
  <testcase classname="testcase.ErrorValidationsTest" name="ProductCatalogueErrorValidationTest" time="21.133"/>
</testsuite> <!-- Default test -->
