<?xml version="1.0" encoding="UTF-8"?>
<!-- Generated by org.testng.reporters.JUnitXMLReporter -->
<testsuite ignored="0" hostname="INTALP-105-AbhisekDasgupta" failures="0" tests="2" name="Error Validations Test" time="26.98" errors="0" timestamp="2022-09-23T13:54:09 IST">
  <testcase classname="testcase.ErrorValidationsTest" name="LoginErrorValidation" time="1.002"/>
  <testcase classname="testcase.ErrorValidationsTest" name="ProductCatalogueErrorValidationTest" time="19.352"/>
</testsuite> <!-- Error Validations Test -->
