<?xml version="1.0" encoding="UTF-8"?>
<!-- Generated by org.testng.reporters.JUnitXMLReporter -->
<testsuite ignored="0" hostname="INTALP-105-AbhisekDasgupta" failures="0" tests="3" name="Submit Order Test" time="104.167" errors="0" timestamp="2022-10-20T20:45:47 IST">
  <testcase classname="testcase.SubmitOrderTest" name="SubmitOrderTest" time="15.492"/>
  <testcase classname="testcase.SubmitOrderTest" name="SubmitOrderTest" time="16.374"/>
  <testcase classname="testcase.SubmitOrderTest" name="OrderHistoryTest" time="6.866"/>
</testsuite> <!-- Submit Order Test -->
