<?xml version="1.0" encoding="UTF-8"?>
<testng-results ignored="0" total="5" passed="5" failed="0" skipped="0">
  <reporter-output>
  </reporter-output>
  <suite started-at="2022-09-23T13:53:42 IST" name="Suite" finished-at="2022-09-23T13:54:26 IST" duration-ms="43089">
    <groups>
      <group name="ErrorHandling">
        <method signature="ErrorValidationsTest.LoginErrorValidation()[pri:0, instance:testcase.ErrorValidationsTest@1e6a3214]" name="LoginErrorValidation" class="testcase.ErrorValidationsTest"/>
        <method signature="ErrorValidationsTest.ProductCatalogueErrorValidationTest()[pri:0, instance:testcase.ErrorValidationsTest@1e6a3214]" name="ProductCatalogueErrorValidationTest" class="testcase.ErrorValidationsTest"/>
      </group> <!-- ErrorHandling -->
      <group name="PurchaseProducts">
        <method signature="SubmitOrderTest.SubmitOrderTest(java.util.HashMap)[pri:0, instance:testcase.SubmitOrderTest@741a8937]" name="SubmitOrderTest" class="testcase.SubmitOrderTest"/>
        <method signature="SubmitOrderTest.OrderHistoryTest()[pri:0, instance:testcase.SubmitOrderTest@741a8937]" name="OrderHistoryTest" class="testcase.SubmitOrderTest"/>
      </group> <!-- PurchaseProducts -->
    </groups>
    <test started-at="2022-09-23T13:53:42 IST" name="Error Validations Test" finished-at="2022-09-23T13:54:09 IST" duration-ms="26980">
      <class name="testcase.ErrorValidationsTest">
        <test-method is-config="true" signature="launchApplication()[pri:0, instance:testcase.ErrorValidationsTest@1e6a3214]" started-at="2022-09-23T13:53:42 IST" name="launchApplication" finished-at="2022-09-23T13:53:46 IST" duration-ms="3784" status="PASS">
          <reporter-output>
          </reporter-output>
        </test-method> <!-- launchApplication -->
        <test-method signature="LoginErrorValidation()[pri:0, instance:testcase.ErrorValidationsTest@1e6a3214]" started-at="2022-09-23T13:53:46 IST" name="LoginErrorValidation" finished-at="2022-09-23T13:53:47 IST" duration-ms="1002" status="PASS">
          <reporter-output>
          </reporter-output>
        </test-method> <!-- LoginErrorValidation -->
        <test-method is-config="true" signature="tearDown()[pri:0, instance:testcase.ErrorValidationsTest@1e6a3214]" started-at="2022-09-23T13:53:47 IST" name="tearDown" finished-at="2022-09-23T13:53:47 IST" duration-ms="59" status="PASS">
          <reporter-output>
          </reporter-output>
        </test-method> <!-- tearDown -->
        <test-method is-config="true" signature="launchApplication()[pri:0, instance:testcase.ErrorValidationsTest@1e6a3214]" started-at="2022-09-23T13:53:47 IST" name="launchApplication" finished-at="2022-09-23T13:53:50 IST" duration-ms="2681" status="PASS">
          <reporter-output>
          </reporter-output>
        </test-method> <!-- launchApplication -->
        <test-method signature="ProductCatalogueErrorValidationTest()[pri:0, instance:testcase.ErrorValidationsTest@1e6a3214]" started-at="2022-09-23T13:53:50 IST" name="ProductCatalogueErrorValidationTest" finished-at="2022-09-23T13:54:09 IST" duration-ms="19352" status="PASS">
          <reporter-output>
          </reporter-output>
        </test-method> <!-- ProductCatalogueErrorValidationTest -->
        <test-method is-config="true" signature="tearDown()[pri:0, instance:testcase.ErrorValidationsTest@1e6a3214]" started-at="2022-09-23T13:54:09 IST" name="tearDown" finished-at="2022-09-23T13:54:09 IST" duration-ms="74" status="PASS">
          <reporter-output>
          </reporter-output>
        </test-method> <!-- tearDown -->
      </class> <!-- testcase.ErrorValidationsTest -->
    </test> <!-- Error Validations Test -->
    <test started-at="2022-09-23T13:53:42 IST" name="Submit Order Test" finished-at="2022-09-23T13:54:26 IST" duration-ms="43089">
      <class name="testcase.SubmitOrderTest">
        <test-method is-config="true" signature="launchApplication()[pri:0, instance:testcase.SubmitOrderTest@741a8937]" started-at="2022-09-23T13:53:42 IST" name="launchApplication" finished-at="2022-09-23T13:53:45 IST" duration-ms="2583" status="PASS">
          <reporter-output>
          </reporter-output>
        </test-method> <!-- launchApplication -->
        <test-method signature="SubmitOrderTest(java.util.HashMap)[pri:0, instance:testcase.SubmitOrderTest@741a8937]" started-at="2022-09-23T13:53:45 IST" name="SubmitOrderTest" data-provider="getData" finished-at="2022-09-23T13:54:00 IST" duration-ms="14558" status="PASS">
          <params>
            <param index="0">
              <value>
                <![CDATA[{password=Abhi@12345, email=dasgupta.abhishek0869@gmail.com, productName=zara coat 3}]]>
              </value>
            </param>
          </params>
          <reporter-output>
          </reporter-output>
        </test-method> <!-- SubmitOrderTest -->
        <test-method is-config="true" signature="tearDown()[pri:0, instance:testcase.SubmitOrderTest@741a8937]" started-at="2022-09-23T13:54:00 IST" name="tearDown" finished-at="2022-09-23T13:54:00 IST" duration-ms="83" status="PASS">
          <reporter-output>
          </reporter-output>
        </test-method> <!-- tearDown -->
        <test-method is-config="true" signature="launchApplication()[pri:0, instance:testcase.SubmitOrderTest@741a8937]" started-at="2022-09-23T13:54:00 IST" name="launchApplication" finished-at="2022-09-23T13:54:03 IST" duration-ms="2844" status="PASS">
          <reporter-output>
          </reporter-output>
        </test-method> <!-- launchApplication -->
        <test-method signature="SubmitOrderTest(java.util.HashMap)[pri:0, instance:testcase.SubmitOrderTest@741a8937]" started-at="2022-09-23T13:54:03 IST" name="SubmitOrderTest" data-provider="getData" finished-at="2022-09-23T13:54:17 IST" duration-ms="14613" status="PASS">
          <params>
            <param index="0">
              <value>
                <![CDATA[{password=Abhi@12345, email=abhi@gmail.com, productName=adidas original}]]>
              </value>
            </param>
          </params>
          <reporter-output>
          </reporter-output>
        </test-method> <!-- SubmitOrderTest -->
        <test-method is-config="true" signature="tearDown()[pri:0, instance:testcase.SubmitOrderTest@741a8937]" started-at="2022-09-23T13:54:17 IST" name="tearDown" finished-at="2022-09-23T13:54:17 IST" duration-ms="61" status="PASS">
          <reporter-output>
          </reporter-output>
        </test-method> <!-- tearDown -->
        <test-method is-config="true" signature="launchApplication()[pri:0, instance:testcase.SubmitOrderTest@741a8937]" started-at="2022-09-23T13:54:17 IST" name="launchApplication" finished-at="2022-09-23T13:54:20 IST" duration-ms="2764" status="PASS">
          <reporter-output>
          </reporter-output>
        </test-method> <!-- launchApplication -->
        <test-method signature="OrderHistoryTest()[pri:0, instance:testcase.SubmitOrderTest@741a8937]" started-at="2022-09-23T13:54:20 IST" name="OrderHistoryTest" finished-at="2022-09-23T13:54:25 IST" depends-on-methods="testcase.SubmitOrderTest.SubmitOrderTest" duration-ms="5482" status="PASS">
          <reporter-output>
          </reporter-output>
        </test-method> <!-- OrderHistoryTest -->
        <test-method is-config="true" signature="tearDown()[pri:0, instance:testcase.SubmitOrderTest@741a8937]" started-at="2022-09-23T13:54:25 IST" name="tearDown" finished-at="2022-09-23T13:54:26 IST" duration-ms="68" status="PASS">
          <reporter-output>
          </reporter-output>
        </test-method> <!-- tearDown -->
      </class> <!-- testcase.SubmitOrderTest -->
    </test> <!-- Submit Order Test -->
  </suite> <!-- Suite -->
</testng-results>
